android/app/build/intermediates/manifest_merge_blame_file/debug/manifest-merger-blame-debug-report.txt
1<?xml version="1.0" encoding="utf-8"?>
2<manifest xmlns:android="http://schemas.android.com/apk/res/android"
3    package="com.testapp"
4    android:versionCode="1"
5    android:versionName="1.0" >
6
7    <uses-sdk
8        android:minSdkVersion="21"
9        android:targetSdkVersion="34" />
10
11    <uses-permission android:name="android.permission.INTERNET" />
11-->src/main/AndroidManifest.xml:3:5-67
11-->src/main/AndroidManifest.xml:3:22-64
12    <!--
13    This manifest file is used only by Gradle to configure debug-only capabilities
14    for React Native Apps.
15    -->
16    <uses-permission android:name="android.permission.SYSTEM_ALERT_WINDOW" />
16-->[io.github.react-native-tvos:react-android:0.73.2-0] AndroidManifest.xml:16:5-78
16-->[io.github.react-native-tvos:react-android:0.73.2-0] AndroidManifest.xml:16:22-75
17
18    <permission
18-->[androidx.core:core:1.9.0] AndroidManifest.xml:22:5-24:47
19        android:name="com.testapp.DYNAMIC_RECEIVER_NOT_EXPORTED_PERMISSION"
19-->[androidx.core:core:1.9.0] AndroidManifest.xml:23:9-81
20        android:protectionLevel="signature" />
20-->[androidx.core:core:1.9.0] AndroidManifest.xml:24:9-44
21
22    <uses-permission android:name="com.testapp.DYNAMIC_RECEIVER_NOT_EXPORTED_PERMISSION" />
22-->[androidx.core:core:1.9.0] AndroidManifest.xml:26:5-97
22-->[androidx.core:core:1.9.0] AndroidManifest.xml:26:22-94
23
24    <application
24-->src/main/AndroidManifest.xml:9:5-31:19
25        android:name="com.testapp.MainApplication"
25-->src/main/AndroidManifest.xml:10:7-38
26        android:allowBackup="false"
26-->src/main/AndroidManifest.xml:15:7-34
27        android:appComponentFactory="androidx.core.app.CoreComponentFactory"
27-->[androidx.core:core:1.9.0] AndroidManifest.xml:28:18-86
28        android:banner="@drawable/tv_banner"
28-->src/main/AndroidManifest.xml:12:7-43
29        android:debuggable="true"
30        android:extractNativeLibs="true"
31        android:icon="@mipmap/ic_launcher"
31-->src/main/AndroidManifest.xml:13:7-41
32        android:label="@string/app_name"
32-->src/main/AndroidManifest.xml:11:7-39
33        android:roundIcon="@mipmap/ic_launcher_round"
33-->src/main/AndroidManifest.xml:14:7-52
34        android:theme="@style/AppTheme"
34-->src/main/AndroidManifest.xml:16:7-38
35        android:usesCleartextTraffic="true" >
35-->src/debug/AndroidManifest.xml:6:9-44
36        <activity
36-->src/main/AndroidManifest.xml:17:7-30:18
37            android:name="com.testapp.MainActivity"
37-->src/main/AndroidManifest.xml:18:9-37
38            android:configChanges="keyboard|keyboardHidden|orientation|screenLayout|screenSize|smallestScreenSize|uiMode"
38-->src/main/AndroidManifest.xml:20:9-118
39            android:exported="true"
39-->src/main/AndroidManifest.xml:23:9-32
40            android:label="@string/app_name"
40-->src/main/AndroidManifest.xml:19:9-41
41            android:launchMode="singleTask"
41-->src/main/AndroidManifest.xml:21:9-40
42            android:windowSoftInputMode="adjustResize" >
42-->src/main/AndroidManifest.xml:22:9-51
43            <intent-filter>
43-->src/main/AndroidManifest.xml:24:9-29:25
44                <action android:name="android.intent.action.MAIN" />
44-->src/main/AndroidManifest.xml:25:13-65
44-->src/main/AndroidManifest.xml:25:21-62
45
46                <category android:name="android.intent.category.LAUNCHER" />
46-->src/main/AndroidManifest.xml:26:13-73
46-->src/main/AndroidManifest.xml:26:23-70
47                <!-- Needed to properly create a launch intent when running on Android TV -->
48                <category android:name="android.intent.category.LEANBACK_LAUNCHER" />
48-->src/main/AndroidManifest.xml:28:13-82
48-->src/main/AndroidManifest.xml:28:23-79
49            </intent-filter>
50        </activity>
51        <activity
51-->[io.github.react-native-tvos:react-android:0.73.2-0] AndroidManifest.xml:19:9-21:40
52            android:name="com.facebook.react.devsupport.DevSettingsActivity"
52-->[io.github.react-native-tvos:react-android:0.73.2-0] AndroidManifest.xml:20:13-77
53            android:exported="false" />
53-->[io.github.react-native-tvos:react-android:0.73.2-0] AndroidManifest.xml:21:13-37
54
55        <provider
55-->[androidx.emoji2:emoji2:1.2.0] AndroidManifest.xml:24:9-32:20
56            android:name="androidx.startup.InitializationProvider"
56-->[androidx.emoji2:emoji2:1.2.0] AndroidManifest.xml:25:13-67
57            android:authorities="com.testapp.androidx-startup"
57-->[androidx.emoji2:emoji2:1.2.0] AndroidManifest.xml:26:13-68
58            android:exported="false" >
58-->[androidx.emoji2:emoji2:1.2.0] AndroidManifest.xml:27:13-37
59            <meta-data
59-->[androidx.emoji2:emoji2:1.2.0] AndroidManifest.xml:29:13-31:52
60                android:name="androidx.emoji2.text.EmojiCompatInitializer"
60-->[androidx.emoji2:emoji2:1.2.0] AndroidManifest.xml:30:17-75
61                android:value="androidx.startup" />
61-->[androidx.emoji2:emoji2:1.2.0] AndroidManifest.xml:31:17-49
62            <meta-data
62-->[androidx.lifecycle:lifecycle-process:2.4.1] AndroidManifest.xml:31:13-33:52
63                android:name="androidx.lifecycle.ProcessLifecycleInitializer"
63-->[androidx.lifecycle:lifecycle-process:2.4.1] AndroidManifest.xml:32:17-78
64                android:value="androidx.startup" />
64-->[androidx.lifecycle:lifecycle-process:2.4.1] AndroidManifest.xml:33:17-49
65        </provider>
66
67        <meta-data
67-->[com.facebook.soloader:soloader:0.10.5] AndroidManifest.xml:12:9-14:37
68            android:name="com.facebook.soloader.enabled"
68-->[com.facebook.soloader:soloader:0.10.5] AndroidManifest.xml:13:13-57
69            android:value="false" />
69-->[com.facebook.soloader:soloader:0.10.5] AndroidManifest.xml:14:13-34
70    </application>
71
72</manifest>